<?xml version="1.0" encoding="UTF-8"?>
<robot generator="Robot 5.0.1 (Python 3.10.6 on win32)" generated="20220902 11:17:23.177" rpa="false" schemaversion="3">
<suite id="s1" name="Tests" source="C:\Program Files (x86)\RCKY Informática Ltda\testesMaster Retail Desktop\tests">
<suite id="s1-s1" name="Login-Desktop" source="C:\Program Files (x86)\RCKY Informática Ltda\testesMaster Retail Desktop\tests\login-desktop.robot">
<kw name="Inicia Sessão" library="base" type="SETUP">
<kw name="Carrega os Elementos do App" library="base">
<kw name="Add Image Path" library="SikuliLibrary">
<arg>${EXECDIR}\\resources\\elements</arg>
<doc>Add image path</doc>
<status status="PASS" starttime="20220902 11:17:26.619" endtime="20220902 11:17:26.638"/>
</kw>
<status status="PASS" starttime="20220902 11:17:26.619" endtime="20220902 11:17:26.638"/>
</kw>
<kw name="Click" library="SikuliLibrary">
<arg>icone-app.png</arg>
<doc>Click</doc>
<msg timestamp="20220902 11:17:27.930" level="INFO" html="true">&lt;img src='sikuli_captured/sikuliximage-1662128247119.png'/&gt;
[log] CLICK on L[533,1066]@S(0) (574 msec)</msg>
<status status="PASS" starttime="20220902 11:17:26.638" endtime="20220902 11:17:27.931"/>
</kw>
<status status="PASS" starttime="20220902 11:17:26.618" endtime="20220902 11:17:27.931"/>
</kw>
<test id="s1-s1-t1" name="Logar no melhor sistema de controle de estoque" line="11">
<kw name="Verificar se está na Tela Inicial" library="masterRetailDesktopLogin">
<kw name="Wait Until Screen Contain" library="SikuliLibrary">
<arg>mensagem-bem-vindo.png</arg>
<arg>15</arg>
<doc>Wait until screen contain
 Wait until image shown in screen</doc>
<msg timestamp="20220902 11:17:31.911" level="INFO" html="true">&lt;img src='sikuli_captured/sikuliximage-1662128251899.png'/&gt;</msg>
<status status="PASS" starttime="20220902 11:17:27.933" endtime="20220902 11:17:31.911"/>
</kw>
<status status="PASS" starttime="20220902 11:17:27.932" endtime="20220902 11:17:31.911"/>
</kw>
<kw name="Informar Usuario" library="masterRetailDesktopLogin">
<arg>desenv</arg>
<kw name="Input Text" library="SikuliLibrary">
<arg>campo-usuario.png</arg>
<arg>${usuario}</arg>
<doc>Input text.
 Image could be empty</doc>
<msg timestamp="20220902 11:17:33.615" level="INFO">Input Text:
desenv</msg>
<msg timestamp="20220902 11:17:33.615" level="INFO" html="true">&lt;img src='sikuli_captured/sikuliximage-1662128252181.png'/&gt;
[log] CLICK on L[963,512]@S(0) (573 msec)
[log]  TYPE "desenv"</msg>
<status status="PASS" starttime="20220902 11:17:31.913" endtime="20220902 11:17:33.615"/>
</kw>
<status status="PASS" starttime="20220902 11:17:31.912" endtime="20220902 11:17:33.615"/>
</kw>
<kw name="Informar Senha" library="masterRetailDesktopLogin">
<arg>1</arg>
<kw name="Input Text" library="SikuliLibrary">
<arg>campo-senha.png</arg>
<arg>${senha}</arg>
<doc>Input text.
 Image could be empty</doc>
<msg timestamp="20220902 11:17:34.790" level="INFO">Input Text:
1</msg>
<msg timestamp="20220902 11:17:34.790" level="INFO" html="true">&lt;img src='sikuli_captured/sikuliximage-1662128253862.png'/&gt;
[log] CLICK on L[959,554]@S(0) (569 msec)
[log]  TYPE "1"</msg>
<status status="PASS" starttime="20220902 11:17:33.616" endtime="20220902 11:17:34.790"/>
</kw>
<status status="PASS" starttime="20220902 11:17:33.616" endtime="20220902 11:17:34.790"/>
</kw>
<kw name="Tentar Fazer Login Pelo Botão OK" library="masterRetailDesktopLogin">
<kw name="Click" library="SikuliLibrary">
<arg>botao-ok.png</arg>
<doc>Click</doc>
<msg timestamp="20220902 11:17:35.924" level="INFO" html="true">&lt;img src='sikuli_captured/sikuliximage-1662128255087.png'/&gt;
[log] CLICK on L[1002,595]@S(0) (581 msec)</msg>
<status status="PASS" starttime="20220902 11:17:34.791" endtime="20220902 11:17:35.924"/>
</kw>
<status status="PASS" starttime="20220902 11:17:34.790" endtime="20220902 11:17:35.925"/>
</kw>
<kw name="Confirmar Mensagem Do Menu Inicial" library="masterRetailDesktopLogin">
<kw name="Wait Until Screen Contain" library="SikuliLibrary">
<arg>menu-login.png</arg>
<arg>30</arg>
<doc>Wait until screen contain
 Wait until image shown in screen</doc>
<msg timestamp="20220902 11:17:50.590" level="INFO" html="true">&lt;img src='sikuli_captured/sikuliximage-1662128270585.png'/&gt;</msg>
<status status="PASS" starttime="20220902 11:17:35.925" endtime="20220902 11:17:50.590"/>
</kw>
<status status="PASS" starttime="20220902 11:17:35.925" endtime="20220902 11:17:50.591"/>
</kw>
<kw name="Finaliza Teste" library="base" type="TEARDOWN">
<kw name="Capture Screen" library="SikuliLibrary">
<doc>Capture whole screen, file name is returned</doc>
<msg timestamp="20220902 11:17:50.772" level="INFO" html="true">&lt;img src='sikuli_captured/sikuliximage-1662128270664.png'/&gt;</msg>
<status status="PASS" starttime="20220902 11:17:50.592" endtime="20220902 11:17:50.772"/>
</kw>
<kw name="Close Application" library="SikuliLibrary">
<arg>MasterRetailDesktop</arg>
<doc>Close application</doc>
<status status="PASS" starttime="20220902 11:17:50.772" endtime="20220902 11:17:50.788"/>
</kw>
<status status="PASS" starttime="20220902 11:17:50.591" endtime="20220902 11:17:50.788"/>
</kw>
<status status="PASS" starttime="20220902 11:17:27.931" endtime="20220902 11:17:50.789"/>
</test>
<kw name="Finaliza Teste" library="base" type="TEARDOWN">
<kw name="Capture Screen" library="SikuliLibrary">
<doc>Capture whole screen, file name is returned</doc>
<msg timestamp="20220902 11:17:50.978" level="INFO" html="true">&lt;img src='sikuli_captured/sikuliximage-1662128270867.png'/&gt;</msg>
<status status="PASS" starttime="20220902 11:17:50.791" endtime="20220902 11:17:50.978"/>
</kw>
<kw name="Close Application" library="SikuliLibrary">
<arg>MasterRetailDesktop</arg>
<doc>Close application</doc>
<status status="PASS" starttime="20220902 11:17:50.978" endtime="20220902 11:17:50.987"/>
</kw>
<status status="PASS" starttime="20220902 11:17:50.790" endtime="20220902 11:17:50.987"/>
</kw>
<doc>Suite de teste de login Master Retail Desktop</doc>
<status status="PASS" starttime="20220902 11:17:23.206" endtime="20220902 11:17:50.987"/>
</suite>
<suite id="s1-s2" name="Pesquisa-Cod-Barras-Sem-Lista" source="C:\Program Files (x86)\RCKY Informática Ltda\testesMaster Retail Desktop\tests\pesquisa-cod-barras-sem-lista.robot">
<kw name="Inicia Sessão" library="base" type="SETUP">
<kw name="Carrega os Elementos do App" library="base">
<kw name="Add Image Path" library="SikuliLibrary">
<arg>${EXECDIR}\\resources\\elements</arg>
<doc>Add image path</doc>
<status status="PASS" starttime="20220902 11:17:50.998" endtime="20220902 11:17:51.004"/>
</kw>
<status status="PASS" starttime="20220902 11:17:50.998" endtime="20220902 11:17:51.004"/>
</kw>
<kw name="Click" library="SikuliLibrary">
<arg>icone-app.png</arg>
<doc>Click</doc>
<msg timestamp="20220902 11:17:52.070" level="INFO" html="true">&lt;img src='sikuli_captured/sikuliximage-1662128271260.png'/&gt;
[log] CLICK on L[533,1066]@S(0) (581 msec)</msg>
<status status="PASS" starttime="20220902 11:17:51.005" endtime="20220902 11:17:52.071"/>
</kw>
<status status="PASS" starttime="20220902 11:17:50.998" endtime="20220902 11:17:52.071"/>
</kw>
<test id="s1-s2-t1" name="Realizar consulta de código de barras sem lista" line="11">
<kw name="Pesquisar Funcionalidade" library="masterRetailDesktopPesquisaCodBarras">
<kw name="Wait Until Screen Contain" library="SikuliLibrary">
<arg>campo-pesquisa.png</arg>
<arg>30</arg>
<doc>Wait until screen contain
 Wait until image shown in screen</doc>
<msg timestamp="20220902 11:17:52.405" level="INFO" html="true">&lt;img src='sikuli_captured/sikuliximage-1662128272399.png'/&gt;</msg>
<status status="PASS" starttime="20220902 11:17:52.073" endtime="20220902 11:17:52.406"/>
</kw>
<kw name="Click" library="SikuliLibrary">
<arg>campo-pesquisa.png</arg>
<doc>Click</doc>
<msg timestamp="20220902 11:17:53.616" level="INFO" html="true">&lt;img src='sikuli_captured/sikuliximage-1662128272729.png'/&gt;
[log] CLICK on L[176,125]@S(0) (574 msec)</msg>
<status status="PASS" starttime="20220902 11:17:52.406" endtime="20220902 11:17:53.616"/>
</kw>
<kw name="Input Text" library="SikuliLibrary">
<arg>campo-pesquisa.png</arg>
<arg>barr</arg>
<doc>Input text.
 Image could be empty</doc>
<msg timestamp="20220902 11:17:54.716" level="INFO">Input Text:
barr</msg>
<msg timestamp="20220902 11:17:54.716" level="INFO" html="true">&lt;img src='sikuli_captured/sikuliximage-1662128273943.png'/&gt;
[log] CLICK on L[176,125]@S(0) (72 msec)
[log]  TYPE "barr"</msg>
<status status="PASS" starttime="20220902 11:17:53.617" endtime="20220902 11:17:54.716"/>
</kw>
<status status="PASS" starttime="20220902 11:17:52.072" endtime="20220902 11:17:54.716"/>
</kw>
<kw name="Acessar Consulta De Codigo De Barra" library="masterRetailDesktopPesquisaCodBarras">
<kw name="Click" library="SikuliLibrary">
<arg>bt-cosulta-cod-barras.png</arg>
<doc>Click</doc>
<msg timestamp="20220902 11:17:55.896" level="INFO" html="true">&lt;img src='sikuli_captured/sikuliximage-1662128275015.png'/&gt;
[log] CLICK on L[181,236]@S(0) (578 msec)</msg>
<status status="PASS" starttime="20220902 11:17:54.717" endtime="20220902 11:17:55.896"/>
</kw>
<status status="PASS" starttime="20220902 11:17:54.717" endtime="20220902 11:17:55.897"/>
</kw>
<kw name="Selecionar Loja" library="masterRetailDesktopPesquisaCodBarras">
<arg>9901</arg>
<kw name="Input Text" library="SikuliLibrary">
<arg>campo-loja.png</arg>
<arg>${loja}</arg>
<doc>Input text.
 Image could be empty</doc>
<msg timestamp="20220902 11:17:58.078" level="INFO">Input Text:
9901</msg>
<msg timestamp="20220902 11:17:58.078" level="INFO" html="true">&lt;img src='sikuli_captured/sikuliximage-1662128276848.png'/&gt;
[log] CLICK on L[745,485]@S(0) (572 msec)
[log]  TYPE "9901"</msg>
<status status="PASS" starttime="20220902 11:17:55.897" endtime="20220902 11:17:58.078"/>
</kw>
<kw name="Press Special Key" library="SikuliLibrary">
<arg>TAB</arg>
<doc>Press special key
 Presses a special keyboard key.</doc>
<msg timestamp="20220902 11:17:58.203" level="INFO">[log]  TYPE "#TAB."</msg>
<status status="PASS" starttime="20220902 11:17:58.078" endtime="20220902 11:17:58.203"/>
</kw>
<status status="PASS" starttime="20220902 11:17:55.897" endtime="20220902 11:17:58.203"/>
</kw>
<kw name="Selecionar Produto" library="masterRetailDesktopPesquisaCodBarras">
<arg>1000111</arg>
<kw name="Input Text" library="SikuliLibrary">
<arg>campo-produto.png</arg>
<arg>${produto}</arg>
<doc>Input text.
 Image could be empty</doc>
<msg timestamp="20220902 11:17:59.958" level="INFO">Input Text:
1000111</msg>
<msg timestamp="20220902 11:17:59.958" level="INFO" html="true">&lt;img src='sikuli_captured/sikuliximage-1662128278468.png'/&gt;
[log] CLICK on L[748,517]@S(0) (578 msec)
[log]  TYPE "1000111"</msg>
<status status="PASS" starttime="20220902 11:17:58.204" endtime="20220902 11:17:59.958"/>
</kw>
<kw name="Press Special Key" library="SikuliLibrary">
<arg>TAB</arg>
<doc>Press special key
 Presses a special keyboard key.</doc>
<msg timestamp="20220902 11:18:00.069" level="INFO">[log]  TYPE "#TAB."</msg>
<status status="PASS" starttime="20220902 11:17:59.958" endtime="20220902 11:18:00.069"/>
</kw>
<status status="PASS" starttime="20220902 11:17:58.204" endtime="20220902 11:18:00.069"/>
</kw>
<kw name="Selecionar Local de estoque" library="masterRetailDesktopPesquisaCodBarras">
<kw name="Click" library="SikuliLibrary">
<arg>campo-local.png</arg>
<doc>Click</doc>
<msg timestamp="20220902 11:18:01.412" level="INFO" html="true">&lt;img src='sikuli_captured/sikuliximage-1662128280627.png'/&gt;
[log] CLICK on L[959,545]@S(0) (571 msec)</msg>
<status status="PASS" starttime="20220902 11:18:00.070" endtime="20220902 11:18:01.412"/>
</kw>
<kw name="Click" library="SikuliLibrary">
<arg>selecionar-local.png</arg>
<doc>Click</doc>
<msg timestamp="20220902 11:18:02.442" level="INFO" html="true">&lt;img src='sikuli_captured/sikuliximage-1662128281650.png'/&gt;
[log] CLICK on L[766,598]@S(0) (571 msec)</msg>
<status status="PASS" starttime="20220902 11:18:01.413" endtime="20220902 11:18:02.442"/>
</kw>
<status status="PASS" starttime="20220902 11:18:00.070" endtime="20220902 11:18:02.442"/>
</kw>
<kw name="Realizar consulta" library="masterRetailDesktopPesquisaCodBarras">
<kw name="Click" library="SikuliLibrary">
<arg>realizar-consulta.png</arg>
<doc>Click</doc>
<msg timestamp="20220902 11:18:03.488" level="INFO" html="true">&lt;img src='sikuli_captured/sikuliximage-1662128282672.png'/&gt;
[log] CLICK on L[958,620]@S(0) (586 msec)</msg>
<status status="PASS" starttime="20220902 11:18:02.443" endtime="20220902 11:18:03.488"/>
</kw>
<status status="PASS" starttime="20220902 11:18:02.443" endtime="20220902 11:18:03.489"/>
</kw>
<kw name="Mensagem de erro de consulta sem lista" library="masterRetailDesktopPesquisaCodBarras">
<kw name="Confirmar que consulta finalizou" library="masterRetailDesktopPesquisaCodBarras">
<kw name="Wait Until Screen Contain" library="SikuliLibrary">
<arg>consulta-realizada.png</arg>
<arg>15</arg>
<doc>Wait until screen contain
 Wait until image shown in screen</doc>
<msg timestamp="20220902 11:18:03.818" level="INFO" html="true">&lt;img src='sikuli_captured/sikuliximage-1662128283814.png'/&gt;</msg>
<status status="PASS" starttime="20220902 11:18:03.490" endtime="20220902 11:18:03.818"/>
</kw>
<status status="PASS" starttime="20220902 11:18:03.489" endtime="20220902 11:18:03.818"/>
</kw>
<kw name="Screen Should Contain" library="SikuliLibrary">
<arg>Erro-consulta-sem-lista.png</arg>
<doc>Screen should contain</doc>
<msg timestamp="20220902 11:18:04.160" level="INFO" html="true">&lt;img src='sikuli_captured/sikuliximage-1662128284142.png'/&gt;</msg>
<status status="PASS" starttime="20220902 11:18:03.819" endtime="20220902 11:18:04.160"/>
</kw>
<status status="PASS" starttime="20220902 11:18:03.489" endtime="20220902 11:18:04.160"/>
</kw>
<kw name="Fechar mensagem de erro" library="masterRetailDesktopPesquisaCodBarras">
<kw name="Click" library="SikuliLibrary">
<arg>fechar-modal.png</arg>
<doc>Click</doc>
<msg timestamp="20220902 11:18:05.283" level="INFO" html="true">&lt;img src='sikuli_captured/sikuliximage-1662128284441.png'/&gt;
[log] CLICK on L[955,752]@S(0) (583 msec)</msg>
<status status="PASS" starttime="20220902 11:18:04.161" endtime="20220902 11:18:05.284"/>
</kw>
<status status="PASS" starttime="20220902 11:18:04.161" endtime="20220902 11:18:05.284"/>
</kw>
<kw name="Voltar menu inicial" library="masterRetailDesktopPesquisaCodBarras">
<kw name="Click" library="SikuliLibrary">
<arg>voltar-menu.png</arg>
<doc>Click</doc>
<msg timestamp="20220902 11:18:06.379" level="INFO" html="true">&lt;img src='sikuli_captured/sikuliximage-1662128285564.png'/&gt;
[log] CLICK on L[30,37]@S(0) (575 msec)</msg>
<status status="PASS" starttime="20220902 11:18:05.285" endtime="20220902 11:18:06.379"/>
</kw>
<status status="PASS" starttime="20220902 11:18:05.285" endtime="20220902 11:18:06.379"/>
</kw>
<kw name="Finaliza Teste" library="base" type="TEARDOWN">
<kw name="Capture Screen" library="SikuliLibrary">
<doc>Capture whole screen, file name is returned</doc>
<msg timestamp="20220902 11:18:06.540" level="INFO" html="true">&lt;img src='sikuli_captured/sikuliximage-1662128286438.png'/&gt;</msg>
<status status="PASS" starttime="20220902 11:18:06.380" endtime="20220902 11:18:06.540"/>
</kw>
<kw name="Close Application" library="SikuliLibrary">
<arg>MasterRetailDesktop</arg>
<doc>Close application</doc>
<status status="PASS" starttime="20220902 11:18:06.541" endtime="20220902 11:18:06.549"/>
</kw>
<status status="PASS" starttime="20220902 11:18:06.380" endtime="20220902 11:18:06.549"/>
</kw>
<status status="PASS" starttime="20220902 11:17:52.071" endtime="20220902 11:18:06.550"/>
</test>
<kw name="Finaliza Teste" library="base" type="TEARDOWN">
<kw name="Capture Screen" library="SikuliLibrary">
<doc>Capture whole screen, file name is returned</doc>
<msg timestamp="20220902 11:18:06.739" level="INFO" html="true">&lt;img src='sikuli_captured/sikuliximage-1662128286625.png'/&gt;</msg>
<status status="PASS" starttime="20220902 11:18:06.552" endtime="20220902 11:18:06.740"/>
</kw>
<kw name="Close Application" library="SikuliLibrary">
<arg>MasterRetailDesktop</arg>
<doc>Close application</doc>
<status status="PASS" starttime="20220902 11:18:06.740" endtime="20220902 11:18:06.749"/>
</kw>
<status status="PASS" starttime="20220902 11:18:06.551" endtime="20220902 11:18:06.749"/>
</kw>
<doc>Suite de teste de login Master Retail Desktop</doc>
<status status="PASS" starttime="20220902 11:17:50.989" endtime="20220902 11:18:06.749"/>
</suite>
<suite id="s1-s3" name="Pesquisa-Cod-Barras" source="C:\Program Files (x86)\RCKY Informática Ltda\testesMaster Retail Desktop\tests\pesquisa-cod-barras.robot">
<kw name="Inicia Sessão" library="base" type="SETUP">
<kw name="Carrega os Elementos do App" library="base">
<kw name="Add Image Path" library="SikuliLibrary">
<arg>${EXECDIR}\\resources\\elements</arg>
<doc>Add image path</doc>
<status status="PASS" starttime="20220902 11:18:06.761" endtime="20220902 11:18:06.770"/>
</kw>
<status status="PASS" starttime="20220902 11:18:06.760" endtime="20220902 11:18:06.770"/>
</kw>
<kw name="Click" library="SikuliLibrary">
<arg>icone-app.png</arg>
<doc>Click</doc>
<msg timestamp="20220902 11:18:07.858" level="INFO" html="true">&lt;img src='sikuli_captured/sikuliximage-1662128287046.png'/&gt;
[log] CLICK on L[533,1066]@S(0) (582 msec)</msg>
<status status="PASS" starttime="20220902 11:18:06.771" endtime="20220902 11:18:07.858"/>
</kw>
<status status="PASS" starttime="20220902 11:18:06.760" endtime="20220902 11:18:07.858"/>
</kw>
<test id="s1-s3-t1" name="Realizar consulta de código de barras" line="11">
<kw name="Pesquisar Funcionalidade" library="masterRetailDesktopPesquisaCodBarras">
<kw name="Wait Until Screen Contain" library="SikuliLibrary">
<arg>campo-pesquisa.png</arg>
<arg>30</arg>
<doc>Wait until screen contain
 Wait until image shown in screen</doc>
<msg timestamp="20220902 11:18:08.190" level="INFO" html="true">&lt;img src='sikuli_captured/sikuliximage-1662128288185.png'/&gt;</msg>
<status status="PASS" starttime="20220902 11:18:07.859" endtime="20220902 11:18:08.190"/>
</kw>
<kw name="Click" library="SikuliLibrary">
<arg>campo-pesquisa.png</arg>
<doc>Click</doc>
<msg timestamp="20220902 11:18:09.422" level="INFO" html="true">&lt;img src='sikuli_captured/sikuliximage-1662128288534.png'/&gt;
[log] CLICK on L[176,125]@S(0) (585 msec)</msg>
<status status="PASS" starttime="20220902 11:18:08.191" endtime="20220902 11:18:09.422"/>
</kw>
<kw name="Input Text" library="SikuliLibrary">
<arg>campo-pesquisa.png</arg>
<arg>barr</arg>
<doc>Input text.
 Image could be empty</doc>
<msg timestamp="20220902 11:18:10.549" level="INFO">Input Text:
barr</msg>
<msg timestamp="20220902 11:18:10.549" level="INFO" html="true">&lt;img src='sikuli_captured/sikuliximage-1662128289731.png'/&gt;
[log] CLICK on L[176,125]@S(0) (88 msec)
[log]  TYPE "barr"</msg>
<status status="PASS" starttime="20220902 11:18:09.423" endtime="20220902 11:18:10.549"/>
</kw>
<status status="PASS" starttime="20220902 11:18:07.859" endtime="20220902 11:18:10.549"/>
</kw>
<kw name="Acessar Consulta De Codigo De Barra" library="masterRetailDesktopPesquisaCodBarras">
<kw name="Click" library="SikuliLibrary">
<arg>bt-cosulta-cod-barras.png</arg>
<doc>Click</doc>
<msg timestamp="20220902 11:18:11.740" level="INFO" html="true">&lt;img src='sikuli_captured/sikuliximage-1662128290872.png'/&gt;
[log] CLICK on L[181,236]@S(0) (578 msec)</msg>
<status status="PASS" starttime="20220902 11:18:10.550" endtime="20220902 11:18:11.740"/>
</kw>
<status status="PASS" starttime="20220902 11:18:10.550" endtime="20220902 11:18:11.740"/>
</kw>
<kw name="Selecionar Loja" library="masterRetailDesktopPesquisaCodBarras">
<arg>9901</arg>
<kw name="Input Text" library="SikuliLibrary">
<arg>campo-loja.png</arg>
<arg>${loja}</arg>
<doc>Input text.
 Image could be empty</doc>
<msg timestamp="20220902 11:18:13.930" level="INFO">Input Text:
9901</msg>
<msg timestamp="20220902 11:18:13.930" level="INFO" html="true">&lt;img src='sikuli_captured/sikuliximage-1662128292687.png'/&gt;
[log] CLICK on L[745,485]@S(0) (577 msec)
[log]  TYPE "9901"</msg>
<status status="PASS" starttime="20220902 11:18:11.741" endtime="20220902 11:18:13.930"/>
</kw>
<kw name="Press Special Key" library="SikuliLibrary">
<arg>TAB</arg>
<doc>Press special key
 Presses a special keyboard key.</doc>
<msg timestamp="20220902 11:18:14.053" level="INFO">[log]  TYPE "#TAB."</msg>
<status status="PASS" starttime="20220902 11:18:13.930" endtime="20220902 11:18:14.053"/>
</kw>
<status status="PASS" starttime="20220902 11:18:11.741" endtime="20220902 11:18:14.053"/>
</kw>
<kw name="Selecionar Produto" library="masterRetailDesktopPesquisaCodBarras">
<arg>1000111</arg>
<kw name="Input Text" library="SikuliLibrary">
<arg>campo-produto.png</arg>
<arg>${produto}</arg>
<doc>Input text.
 Image could be empty</doc>
<msg timestamp="20220902 11:18:15.832" level="INFO">Input Text:
1000111</msg>
<msg timestamp="20220902 11:18:15.832" level="INFO" html="true">&lt;img src='sikuli_captured/sikuliximage-1662128294322.png'/&gt;
[log] CLICK on L[748,517]@S(0) (572 msec)
[log]  TYPE "1000111"</msg>
<status status="PASS" starttime="20220902 11:18:14.055" endtime="20220902 11:18:15.832"/>
</kw>
<kw name="Press Special Key" library="SikuliLibrary">
<arg>TAB</arg>
<doc>Press special key
 Presses a special keyboard key.</doc>
<msg timestamp="20220902 11:18:15.959" level="INFO">[log]  TYPE "#TAB."</msg>
<status status="PASS" starttime="20220902 11:18:15.832" endtime="20220902 11:18:15.959"/>
</kw>
<status status="PASS" starttime="20220902 11:18:14.054" endtime="20220902 11:18:15.959"/>
</kw>
<kw name="Selecionar Local de estoque" library="masterRetailDesktopPesquisaCodBarras">
<kw name="Click" library="SikuliLibrary">
<arg>campo-local.png</arg>
<doc>Click</doc>
<msg timestamp="20220902 11:18:17.301" level="INFO" html="true">&lt;img src='sikuli_captured/sikuliximage-1662128296501.png'/&gt;
[log] CLICK on L[959,545]@S(0) (585 msec)</msg>
<status status="PASS" starttime="20220902 11:18:15.960" endtime="20220902 11:18:17.301"/>
</kw>
<kw name="Click" library="SikuliLibrary">
<arg>selecionar-local.png</arg>
<doc>Click</doc>
<msg timestamp="20220902 11:18:18.356" level="INFO" html="true">&lt;img src='sikuli_captured/sikuliximage-1662128297559.png'/&gt;
[log] CLICK on L[766,598]@S(0) (576 msec)</msg>
<status status="PASS" starttime="20220902 11:18:17.301" endtime="20220902 11:18:18.356"/>
</kw>
<status status="PASS" starttime="20220902 11:18:15.959" endtime="20220902 11:18:18.356"/>
</kw>
<kw name="Selecionar Lista de Preco" library="masterRetailDesktopPesquisaCodBarras">
<kw name="Click" library="SikuliLibrary">
<arg>campo-lista.png</arg>
<doc>Click</doc>
<msg timestamp="20220902 11:18:19.679" level="INFO" html="true">&lt;img src='sikuli_captured/sikuliximage-1662128298905.png'/&gt;
[log] CLICK on L[958,577]@S(0) (570 msec)</msg>
<status status="PASS" starttime="20220902 11:18:18.357" endtime="20220902 11:18:19.679"/>
</kw>
<kw name="Click" library="SikuliLibrary">
<arg>selecionar-lista.png</arg>
<doc>Click</doc>
<msg timestamp="20220902 11:18:21.130" level="INFO" html="true">&lt;img src='sikuli_captured/sikuliximage-1662128300292.png'/&gt;
[log] CLICK on L[831,654]@S(0) (585 msec)</msg>
<status status="PASS" starttime="20220902 11:18:19.679" endtime="20220902 11:18:21.130"/>
</kw>
<status status="PASS" starttime="20220902 11:18:18.357" endtime="20220902 11:18:21.130"/>
</kw>
<kw name="Realizar consulta" library="masterRetailDesktopPesquisaCodBarras">
<kw name="Click" library="SikuliLibrary">
<arg>realizar-consulta.png</arg>
<doc>Click</doc>
<msg timestamp="20220902 11:18:22.533" level="INFO" html="true">&lt;img src='sikuli_captured/sikuliximage-1662128301721.png'/&gt;
[log] CLICK on L[958,620]@S(0) (585 msec)</msg>
<status status="PASS" starttime="20220902 11:18:21.131" endtime="20220902 11:18:22.533"/>
</kw>
<status status="PASS" starttime="20220902 11:18:21.131" endtime="20220902 11:18:22.533"/>
</kw>
<kw name="Confirmar que consulta finalizou" library="masterRetailDesktopPesquisaCodBarras">
<kw name="Wait Until Screen Contain" library="SikuliLibrary">
<arg>consulta-realizada.png</arg>
<arg>15</arg>
<doc>Wait until screen contain
 Wait until image shown in screen</doc>
<msg timestamp="20220902 11:18:22.830" level="INFO" html="true">&lt;img src='sikuli_captured/sikuliximage-1662128302826.png'/&gt;</msg>
<status status="PASS" starttime="20220902 11:18:22.534" endtime="20220902 11:18:22.831"/>
</kw>
<status status="PASS" starttime="20220902 11:18:22.534" endtime="20220902 11:18:22.831"/>
</kw>
<kw name="Voltar menu inicial" library="masterRetailDesktopPesquisaCodBarras">
<kw name="Click" library="SikuliLibrary">
<arg>voltar-menu.png</arg>
<doc>Click</doc>
<msg timestamp="20220902 11:18:23.909" level="INFO" html="true">&lt;img src='sikuli_captured/sikuliximage-1662128303091.png'/&gt;
[log] CLICK on L[30,37]@S(0) (568 msec)</msg>
<status status="PASS" starttime="20220902 11:18:22.832" endtime="20220902 11:18:23.909"/>
</kw>
<status status="PASS" starttime="20220902 11:18:22.831" endtime="20220902 11:18:23.909"/>
</kw>
<kw name="Finaliza Teste" library="base" type="TEARDOWN">
<kw name="Capture Screen" library="SikuliLibrary">
<doc>Capture whole screen, file name is returned</doc>
<msg timestamp="20220902 11:18:24.086" level="INFO" html="true">&lt;img src='sikuli_captured/sikuliximage-1662128303985.png'/&gt;</msg>
<status status="PASS" starttime="20220902 11:18:23.910" endtime="20220902 11:18:24.087"/>
</kw>
<kw name="Close Application" library="SikuliLibrary">
<arg>MasterRetailDesktop</arg>
<doc>Close application</doc>
<status status="PASS" starttime="20220902 11:18:24.087" endtime="20220902 11:18:24.096"/>
</kw>
<status status="PASS" starttime="20220902 11:18:23.910" endtime="20220902 11:18:24.097"/>
</kw>
<status status="PASS" starttime="20220902 11:18:07.859" endtime="20220902 11:18:24.098"/>
</test>
<kw name="Finaliza Teste" library="base" type="TEARDOWN">
<kw name="Capture Screen" library="SikuliLibrary">
<doc>Capture whole screen, file name is returned</doc>
<msg timestamp="20220902 11:18:24.268" level="INFO" html="true">&lt;img src='sikuli_captured/sikuliximage-1662128304156.png'/&gt;</msg>
<status status="PASS" starttime="20220902 11:18:24.101" endtime="20220902 11:18:24.269"/>
</kw>
<kw name="Close Application" library="SikuliLibrary">
<arg>MasterRetailDesktop</arg>
<doc>Close application</doc>
<status status="PASS" starttime="20220902 11:18:24.269" endtime="20220902 11:18:24.275"/>
</kw>
<status status="PASS" starttime="20220902 11:18:24.100" endtime="20220902 11:18:24.275"/>
</kw>
<doc>Suite de teste de login Master Retail Desktop</doc>
<status status="PASS" starttime="20220902 11:18:06.751" endtime="20220902 11:18:24.275"/>
</suite>
<status status="PASS" starttime="20220902 11:17:23.179" endtime="20220902 11:18:24.278"/>
</suite>
<statistics>
<total>
<stat pass="3" fail="0" skip="0">All Tests</stat>
</total>
<tag>
</tag>
<suite>
<stat pass="3" fail="0" skip="0" id="s1" name="Tests">Tests</stat>
<stat pass="1" fail="0" skip="0" id="s1-s1" name="Login-Desktop">Tests.Login-Desktop</stat>
<stat pass="1" fail="0" skip="0" id="s1-s2" name="Pesquisa-Cod-Barras-Sem-Lista">Tests.Pesquisa-Cod-Barras-Sem-Lista</stat>
<stat pass="1" fail="0" skip="0" id="s1-s3" name="Pesquisa-Cod-Barras">Tests.Pesquisa-Cod-Barras</stat>
</suite>
</statistics>
<errors>
</errors>
</robot>
