<?xml version="1.0" encoding="UTF-8"?>
<robot generator="Robot 5.0.1 (Python 3.10.4 on win32)" generated="20220827 22:37:21.508" rpa="false" schemaversion="3">
<suite id="s1" name="Pesquisa-Cod-Barras" source="C:\Program Files (x86)\RCKY Informática Ltda\testesMaster Retail Desktop\tests\pesquisa-cod-barras.robot">
<kw name="Inicia Sessão" library="codBarras" type="SETUP">
<kw name="Carrega os Elementos do App" library="codBarras">
<kw name="Add Image Path" library="SikuliLibrary">
<arg>${EXECDIR}\\resources\\elements</arg>
<doc>Add image path</doc>
<status status="PASS" starttime="20220827 22:37:24.946" endtime="20220827 22:37:24.969"/>
</kw>
<status status="PASS" starttime="20220827 22:37:24.946" endtime="20220827 22:37:24.969"/>
</kw>
<kw name="Click" library="SikuliLibrary">
<arg>icone-app.png</arg>
<doc>Click</doc>
<msg timestamp="20220827 22:37:26.318" level="INFO" html="true">&lt;img src='sikuli_captured/sikuliximage-1661650645480.png'/&gt;
[log] CLICK on L[718,1066]@S(0) (594 msec)</msg>
<status status="PASS" starttime="20220827 22:37:24.969" endtime="20220827 22:37:26.318"/>
</kw>
<status status="PASS" starttime="20220827 22:37:24.945" endtime="20220827 22:37:26.318"/>
</kw>
<test id="s1-t1" name="Realizar consulta de código de barras" line="10">
<kw name="Pesquisar Funcionalidade" library="masterRetailDesktopPesquisaCodBarras">
<kw name="Click" library="SikuliLibrary">
<arg>campo-pesquisa.png</arg>
<doc>Click</doc>
<msg timestamp="20220827 22:37:27.676" level="INFO" html="true">&lt;img src='sikuli_captured/sikuliximage-1661650646718.png'/&gt;
[log] CLICK on L[176,125]@S(0) (590 msec)</msg>
<status status="PASS" starttime="20220827 22:37:26.320" endtime="20220827 22:37:27.676"/>
</kw>
<kw name="Input Text" library="SikuliLibrary">
<arg>campo-pesquisa.png</arg>
<arg>barr</arg>
<doc>Input text.
 Image could be empty</doc>
<msg timestamp="20220827 22:37:28.857" level="INFO">Input Text:
barr</msg>
<msg timestamp="20220827 22:37:28.857" level="INFO" html="true">&lt;img src='sikuli_captured/sikuliximage-1661650648019.png'/&gt;
[log] CLICK on L[176,125]@S(0) (79 msec)
[log]  TYPE "barr"</msg>
<status status="PASS" starttime="20220827 22:37:27.677" endtime="20220827 22:37:28.857"/>
</kw>
<status status="PASS" starttime="20220827 22:37:26.320" endtime="20220827 22:37:28.857"/>
</kw>
<kw name="Acessar Consulta De Codigo De Barra" library="masterRetailDesktopPesquisaCodBarras">
<kw name="Click" library="SikuliLibrary">
<arg>bt-cosulta-cod-barras.png</arg>
<doc>Click</doc>
<msg timestamp="20220827 22:37:30.043" level="INFO" html="true">&lt;img src='sikuli_captured/sikuliximage-1661650649169.png'/&gt;
[log] CLICK on L[181,236]@S(0) (571 msec)</msg>
<status status="PASS" starttime="20220827 22:37:28.858" endtime="20220827 22:37:30.044"/>
</kw>
<status status="PASS" starttime="20220827 22:37:28.858" endtime="20220827 22:37:30.044"/>
</kw>
<kw name="Selecionar Loja" library="masterRetailDesktopPesquisaCodBarras">
<arg>9901</arg>
<kw name="Input Text" library="SikuliLibrary">
<arg>campo-loja.png</arg>
<arg>${loja}</arg>
<doc>Input text.
 Image could be empty</doc>
<msg timestamp="20220827 22:37:32.264" level="INFO">Input Text:
9901</msg>
<msg timestamp="20220827 22:37:32.264" level="INFO" html="true">&lt;img src='sikuli_captured/sikuliximage-1661650651021.png'/&gt;
[log] CLICK on L[745,485]@S(0) (572 msec)
[log]  TYPE "9901"</msg>
<status status="PASS" starttime="20220827 22:37:30.045" endtime="20220827 22:37:32.264"/>
</kw>
<kw name="Press Special Key" library="SikuliLibrary">
<arg>TAB</arg>
<doc>Press special key
 Presses a special keyboard key.</doc>
<msg timestamp="20220827 22:37:32.388" level="INFO">[log]  TYPE "#TAB."</msg>
<status status="PASS" starttime="20220827 22:37:32.264" endtime="20220827 22:37:32.388"/>
</kw>
<status status="PASS" starttime="20220827 22:37:30.044" endtime="20220827 22:37:32.388"/>
</kw>
<kw name="Selecionar Produto" library="masterRetailDesktopPesquisaCodBarras">
<arg>1000111</arg>
<kw name="Input Text" library="SikuliLibrary">
<arg>campo-produto.png</arg>
<arg>${produto}</arg>
<doc>Input text.
 Image could be empty</doc>
<msg timestamp="20220827 22:37:34.197" level="INFO">Input Text:
1000111</msg>
<msg timestamp="20220827 22:37:34.197" level="INFO" html="true">&lt;img src='sikuli_captured/sikuliximage-1661650652685.png'/&gt;
[log] CLICK on L[748,517]@S(0) (583 msec)
[log]  TYPE "1000111"</msg>
<status status="PASS" starttime="20220827 22:37:32.389" endtime="20220827 22:37:34.197"/>
</kw>
<kw name="Press Special Key" library="SikuliLibrary">
<arg>TAB</arg>
<doc>Press special key
 Presses a special keyboard key.</doc>
<msg timestamp="20220827 22:37:34.320" level="INFO">[log]  TYPE "#TAB."</msg>
<status status="PASS" starttime="20220827 22:37:34.197" endtime="20220827 22:37:34.320"/>
</kw>
<status status="PASS" starttime="20220827 22:37:32.389" endtime="20220827 22:37:34.320"/>
</kw>
<kw name="Selecionar Local de estoque" library="masterRetailDesktopPesquisaCodBarras">
<kw name="Click" library="SikuliLibrary">
<arg>campo-local.png</arg>
<doc>Click</doc>
<msg timestamp="20220827 22:37:35.664" level="INFO" html="true">&lt;img src='sikuli_captured/sikuliximage-1661650654869.png'/&gt;
[log] CLICK on L[959,545]@S(0) (576 msec)</msg>
<status status="PASS" starttime="20220827 22:37:34.321" endtime="20220827 22:37:35.664"/>
</kw>
<kw name="Click" library="SikuliLibrary">
<arg>selecionar-local.png</arg>
<doc>Click</doc>
<msg timestamp="20220827 22:37:36.704" level="INFO" html="true">&lt;img src='sikuli_captured/sikuliximage-1661650655896.png'/&gt;
[log] CLICK on L[766,598]@S(0) (573 msec)</msg>
<status status="PASS" starttime="20220827 22:37:35.665" endtime="20220827 22:37:36.705"/>
</kw>
<status status="PASS" starttime="20220827 22:37:34.320" endtime="20220827 22:37:36.705"/>
</kw>
<kw name="Selecionar Lista de Preco" library="masterRetailDesktopPesquisaCodBarras">
<kw name="Click" library="SikuliLibrary">
<arg>campo-lista.png</arg>
<doc>Click</doc>
<msg timestamp="20220827 22:37:38.056" level="INFO" html="true">&lt;img src='sikuli_captured/sikuliximage-1661650657265.png'/&gt;
[log] CLICK on L[958,577]@S(0) (580 msec)</msg>
<status status="PASS" starttime="20220827 22:37:36.706" endtime="20220827 22:37:38.056"/>
</kw>
<kw name="Click" library="SikuliLibrary">
<arg>selecionar-lista.png</arg>
<doc>Click</doc>
<msg timestamp="20220827 22:37:39.483" level="INFO" html="true">&lt;img src='sikuli_captured/sikuliximage-1661650658653.png'/&gt;
[log] CLICK on L[831,654]@S(0) (574 msec)</msg>
<status status="PASS" starttime="20220827 22:37:38.057" endtime="20220827 22:37:39.483"/>
</kw>
<status status="PASS" starttime="20220827 22:37:36.705" endtime="20220827 22:37:39.483"/>
</kw>
<kw name="Realizar consulta" library="masterRetailDesktopPesquisaCodBarras">
<kw name="Click" library="SikuliLibrary">
<arg>realizar-consulta.png</arg>
<doc>Click</doc>
<msg timestamp="20220827 22:37:40.513" level="INFO" html="true">&lt;img src='sikuli_captured/sikuliximage-1661650659721.png'/&gt;
[log] CLICK on L[958,620]@S(0) (575 msec)</msg>
<status status="PASS" starttime="20220827 22:37:39.484" endtime="20220827 22:37:40.513"/>
</kw>
<status status="PASS" starttime="20220827 22:37:39.484" endtime="20220827 22:37:40.513"/>
</kw>
<kw name="Finaliza Teste" library="codBarras" type="TEARDOWN">
<kw name="Capture Screen" library="SikuliLibrary">
<doc>Capture whole screen, file name is returned</doc>
<msg timestamp="20220827 22:37:40.677" level="INFO" html="true">&lt;img src='sikuli_captured/sikuliximage-1661650660573.png'/&gt;</msg>
<status status="PASS" starttime="20220827 22:37:40.515" endtime="20220827 22:37:40.677"/>
</kw>
<kw name="Close Application" library="SikuliLibrary">
<arg>MasterRetailDesktop</arg>
<doc>Close application</doc>
<status status="PASS" starttime="20220827 22:37:40.678" endtime="20220827 22:37:40.695"/>
</kw>
<status status="PASS" starttime="20220827 22:37:40.514" endtime="20220827 22:37:40.695"/>
</kw>
<status status="PASS" starttime="20220827 22:37:26.319" endtime="20220827 22:37:40.696"/>
</test>
<kw name="Encerrar Sessão" library="codBarras" type="TEARDOWN">
<kw name="Stop Remote Server" library="SikuliLibrary">
<doc>Stops the remote server.</doc>
<msg timestamp="20220827 22:37:40.702" level="INFO">Robot Framework remote server stopping</msg>
<status status="PASS" starttime="20220827 22:37:40.698" endtime="20220827 22:37:40.702"/>
</kw>
<status status="PASS" starttime="20220827 22:37:40.697" endtime="20220827 22:37:40.703"/>
</kw>
<doc>Suite de teste de login Master Retail Desktop</doc>
<status status="PASS" starttime="20220827 22:37:21.510" endtime="20220827 22:37:40.703"/>
</suite>
<statistics>
<total>
<stat pass="1" fail="0" skip="0">All Tests</stat>
</total>
<tag>
</tag>
<suite>
<stat pass="1" fail="0" skip="0" id="s1" name="Pesquisa-Cod-Barras">Pesquisa-Cod-Barras</stat>
</suite>
</statistics>
<errors>
</errors>
</robot>
